2025-09-13 19:58:19,450 - NFLDataExporter - INFO - Successfully connected to database
2025-09-13 19:58:19,451 - NFLDataExporter - INFO - Created output directories in C:\Users\nocap\Desktop\code\NFL_ml\parquet_files\raw
2025-09-13 19:58:19,451 - NFLDataExporter - INFO - 
============================================================
2025-09-13 19:58:19,451 - NFLDataExporter - INFO - Exporting static tables
2025-09-13 19:58:19,452 - NFLDataExporter - INFO - ============================================================
2025-09-13 19:58:19,453 - NFLDataExporter - INFO - Exporting nfl_team...
2025-09-13 19:58:19,463 - NFLDataExporter - INFO -   Exported 32 rows from nfl_team
2025-09-13 19:58:19,464 - NFLDataExporter - INFO - Exporting nfl_season...
2025-09-13 19:58:19,467 - NFLDataExporter - INFO -   Exported 4 rows from nfl_season
2025-09-13 19:58:19,468 - NFLDataExporter - INFO - Exporting nfl_week...
2025-09-13 19:58:19,471 - NFLDataExporter - INFO -   Exported 72 rows from nfl_week
2025-09-13 19:58:19,472 - NFLDataExporter - INFO - Exporting nfl_gm_quarter...
2025-09-13 19:58:19,474 - NFLDataExporter - INFO -   Exported 5 rows from nfl_gm_quarter
2025-09-13 19:58:19,474 - NFLDataExporter - INFO - 
============================================================
2025-09-13 19:58:19,475 - NFLDataExporter - INFO - Exporting reference tables
2025-09-13 19:58:19,475 - NFLDataExporter - INFO - ============================================================
2025-09-13 19:58:19,476 - NFLDataExporter - INFO - Exporting plyr...
2025-09-13 19:58:19,593 - NFLDataExporter - INFO -   Exported 8,012 rows from plyr
2025-09-13 19:58:19,595 - NFLDataExporter - INFO - Exporting multi_tm_plyr...
2025-09-13 19:58:19,606 - NFLDataExporter - INFO -   Exported 258 rows from multi_tm_plyr
2025-09-13 19:58:19,606 - NFLDataExporter - INFO - 
============================================================
2025-09-13 19:58:19,606 - NFLDataExporter - INFO - Exporting game_level tables
2025-09-13 19:58:19,606 - NFLDataExporter - INFO - ============================================================
2025-09-13 19:58:19,608 - NFLDataExporter - INFO - Exporting plyr_gm_pass...
2025-09-13 19:58:19,694 - NFLDataExporter - INFO -   Exported 2,024 rows from plyr_gm_pass
2025-09-13 19:58:19,696 - NFLDataExporter - INFO - Exporting plyr_gm_rush...
2025-09-13 19:58:19,801 - NFLDataExporter - INFO -   Exported 6,958 rows from plyr_gm_rush
2025-09-13 19:58:19,803 - NFLDataExporter - INFO - Exporting plyr_gm_rec...
2025-09-13 19:58:20,056 - NFLDataExporter - INFO -   Exported 13,239 rows from plyr_gm_rec
2025-09-13 19:58:20,058 - NFLDataExporter - INFO - Exporting plyr_gm_def...
2025-09-13 19:58:20,686 - NFLDataExporter - INFO -   Exported 32,758 rows from plyr_gm_def
2025-09-13 19:58:20,688 - NFLDataExporter - INFO - Exporting plyr_gm_fmbl...
2025-09-13 19:58:20,822 - NFLDataExporter - INFO -   Exported 16,414 rows from plyr_gm_fmbl
2025-09-13 19:58:20,824 - NFLDataExporter - INFO - Exporting plyr_gm_snap_ct...
2025-09-13 19:58:21,556 - NFLDataExporter - INFO -   Exported 77,358 rows from plyr_gm_snap_ct
2025-09-13 19:58:21,559 - NFLDataExporter - INFO - Exporting plyr_gm_starters...
2025-09-13 19:58:21,817 - NFLDataExporter - INFO -   Exported 36,561 rows from plyr_gm_starters
2025-09-13 19:58:21,819 - NFLDataExporter - INFO - Exporting tm_gm_stats...
2025-09-13 19:58:21,878 - NFLDataExporter - INFO -   Exported 1,662 rows from tm_gm_stats
2025-09-13 19:58:21,879 - NFLDataExporter - INFO - Exporting tm_gm_drive...
2025-09-13 19:58:22,110 - NFLDataExporter - INFO -   Exported 17,745 rows from tm_gm_drive
2025-09-13 19:58:22,112 - NFLDataExporter - INFO - Exporting tm_gm_exp_pts...
2025-09-13 19:58:22,158 - NFLDataExporter - INFO -   Exported 1,662 rows from tm_gm_exp_pts
2025-09-13 19:58:22,159 - NFLDataExporter - INFO - Exporting nfl_game...
2025-09-13 19:58:22,192 - NFLDataExporter - INFO -   Exported 831 rows from nfl_game
2025-09-13 19:58:22,193 - NFLDataExporter - INFO - Exporting nfl_game_info...
2025-09-13 19:58:22,227 - NFLDataExporter - INFO -   Exported 831 rows from nfl_game_info
2025-09-13 19:58:22,229 - NFLDataExporter - INFO - Exporting nfl_gm_weather...
2025-09-13 19:58:22,294 - NFLDataExporter - INFO -   Exported 831 rows from nfl_gm_weather
2025-09-13 19:58:22,316 - NFLDataExporter - INFO - Exporting nfl_game_pbp (120,019 rows) in chunks of 50,000
2025-09-13 19:58:22,868 - NFLDataExporter - INFO -   Exported 50,000/120,019 rows (41.7%)
2025-09-13 19:58:23,457 - NFLDataExporter - INFO -   Exported 100,000/120,019 rows (83.3%)
2025-09-13 19:58:23,752 - NFLDataExporter - INFO -   Exported 120,019/120,019 rows (100.0%)
2025-09-13 19:58:23,755 - NFLDataExporter - INFO - Exporting injury_report...
2025-09-13 19:58:24,577 - NFLDataExporter - INFO -   Exported 112,430 rows from injury_report
2025-09-13 19:58:24,580 - NFLDataExporter - INFO - 
============================================================
2025-09-13 19:58:24,581 - NFLDataExporter - INFO - Exporting season_cumulative tables
2025-09-13 19:58:24,581 - NFLDataExporter - INFO - ============================================================
2025-09-13 19:58:24,582 - NFLDataExporter - INFO - Exporting plyr_pass...
2025-09-13 19:58:24,607 - NFLDataExporter - INFO -   Exported 370 rows from plyr_pass
2025-09-13 19:58:24,608 - NFLDataExporter - INFO - Exporting plyr_rush...
2025-09-13 19:58:24,641 - NFLDataExporter - INFO -   Exported 2,086 rows from plyr_rush
2025-09-13 19:58:24,642 - NFLDataExporter - INFO - Exporting plyr_rec...
2025-09-13 19:58:24,692 - NFLDataExporter - INFO -   Exported 2,086 rows from plyr_rec
2025-09-13 19:58:24,693 - NFLDataExporter - INFO - Exporting plyr_def...
2025-09-13 19:58:24,780 - NFLDataExporter - INFO -   Exported 3,850 rows from plyr_def
2025-09-13 19:58:24,781 - NFLDataExporter - INFO - Exporting plyr_rz_pass...
2025-09-13 19:58:24,791 - NFLDataExporter - INFO -   Exported 258 rows from plyr_rz_pass
2025-09-13 19:58:24,792 - NFLDataExporter - INFO - Exporting plyr_rz_rush...
2025-09-13 19:58:24,808 - NFLDataExporter - INFO -   Exported 757 rows from plyr_rz_rush
2025-09-13 19:58:24,809 - NFLDataExporter - INFO - Exporting plyr_rz_rec...
2025-09-13 19:58:24,830 - NFLDataExporter - INFO -   Exported 1,144 rows from plyr_rz_rec
2025-09-13 19:58:24,831 - NFLDataExporter - INFO - Exporting plyr_scoring...
2025-09-13 19:58:24,855 - NFLDataExporter - INFO -   Exported 1,466 rows from plyr_scoring
2025-09-13 19:58:24,856 - NFLDataExporter - INFO - Exporting tm_pass...
2025-09-13 19:58:24,872 - NFLDataExporter - INFO -   Exported 128 rows from tm_pass
2025-09-13 19:58:24,873 - NFLDataExporter - INFO - Exporting tm_rush...
2025-09-13 19:58:24,881 - NFLDataExporter - INFO -   Exported 128 rows from tm_rush
2025-09-13 19:58:24,882 - NFLDataExporter - INFO - Exporting tm_rec...
2025-09-13 19:58:24,890 - NFLDataExporter - INFO -   Exported 128 rows from tm_rec
2025-09-13 19:58:24,891 - NFLDataExporter - INFO - Exporting tm_def...
2025-09-13 19:58:24,901 - NFLDataExporter - INFO -   Exported 128 rows from tm_def
2025-09-13 19:58:24,902 - NFLDataExporter - INFO - Exporting tm_def_pass...
2025-09-13 19:58:24,912 - NFLDataExporter - INFO -   Exported 128 rows from tm_def_pass
2025-09-13 19:58:24,913 - NFLDataExporter - INFO - Exporting tm_def_rush...
2025-09-13 19:58:24,918 - NFLDataExporter - INFO -   Exported 128 rows from tm_def_rush
2025-09-13 19:58:24,920 - NFLDataExporter - INFO - Exporting tm_conv...
2025-09-13 19:58:24,926 - NFLDataExporter - INFO -   Exported 128 rows from tm_conv
2025-09-13 19:58:24,928 - NFLDataExporter - INFO - Exporting tm_def_conv...
2025-09-13 19:58:24,934 - NFLDataExporter - INFO -   Exported 128 rows from tm_def_conv
2025-09-13 19:58:24,936 - NFLDataExporter - INFO - Exporting tm_def_dr_against_avg...
2025-09-13 19:58:24,943 - NFLDataExporter - INFO -   Exported 128 rows from tm_def_dr_against_avg
2025-09-13 19:58:24,944 - NFLDataExporter - INFO - Exporting tm_def_vs_qb...
2025-09-13 19:58:24,950 - NFLDataExporter - INFO -   Exported 128 rows from tm_def_vs_qb
2025-09-13 19:58:24,951 - NFLDataExporter - INFO - Exporting tm_def_vs_rb...
2025-09-13 19:58:24,957 - NFLDataExporter - INFO -   Exported 128 rows from tm_def_vs_rb
2025-09-13 19:58:24,958 - NFLDataExporter - INFO - Exporting tm_def_vs_te...
2025-09-13 19:58:24,964 - NFLDataExporter - INFO -   Exported 128 rows from tm_def_vs_te
2025-09-13 19:58:24,966 - NFLDataExporter - INFO - Exporting tm_def_vs_wr...
2025-09-13 19:58:24,971 - NFLDataExporter - INFO -   Exported 128 rows from tm_def_vs_wr
2025-09-13 19:58:24,973 - NFLDataExporter - INFO - Exporting nfl_standings...
2025-09-13 19:58:24,980 - NFLDataExporter - INFO -   Exported 86 rows from nfl_standings
2025-09-13 19:58:24,980 - NFLDataExporter - INFO - 
============================================================
2025-09-13 19:58:24,980 - NFLDataExporter - INFO - EXPORT SUMMARY
2025-09-13 19:58:24,980 - NFLDataExporter - INFO - ============================================================
2025-09-13 19:58:24,980 - NFLDataExporter - INFO - Start Time: 2025-09-13 19:58:19.415555
2025-09-13 19:58:24,980 - NFLDataExporter - INFO - End Time: 2025-09-13 19:58:24.980546
2025-09-13 19:58:24,980 - NFLDataExporter - INFO - Duration: 0:00:05.564991
2025-09-13 19:58:24,980 - NFLDataExporter - INFO - Total Rows Exported: 463,473
2025-09-13 19:58:24,981 - NFLDataExporter - INFO - Successful Tables: 43
2025-09-13 19:58:24,981 - NFLDataExporter - INFO - Failed Tables: 0
2025-09-13 19:58:24,981 - NFLDataExporter - INFO - 
Output Directory: C:\Users\nocap\Desktop\code\NFL_ml\parquet_files\raw
