2025-09-13 16:31:00,690 - NFLDataExporter - INFO - Successfully connected to database
2025-09-13 16:31:00,691 - NFLDataExporter - INFO - Created output directories in C:\Users\nocap\Desktop\code\NFL_ml\parquet_files\raw
2025-09-13 16:31:00,691 - NFLDataExporter - INFO - 
============================================================
2025-09-13 16:31:00,691 - NFLDataExporter - INFO - Exporting static tables
2025-09-13 16:31:00,691 - NFLDataExporter - INFO - ============================================================
2025-09-13 16:31:00,699 - NFLDataExporter - INFO - Exporting nfl_team...
2025-09-13 16:31:00,760 - NFLDataExporter - INFO -   Exported 32 rows from nfl_team
2025-09-13 16:31:00,762 - NFLDataExporter - INFO - Exporting nfl_season...
2025-09-13 16:31:00,782 - NFLDataExporter - INFO -   Exported 4 rows from nfl_season
2025-09-13 16:31:00,784 - NFLDataExporter - INFO - Exporting nfl_week...
2025-09-13 16:31:00,787 - NFLDataExporter - INFO -   Exported 72 rows from nfl_week
2025-09-13 16:31:00,789 - NFLDataExporter - INFO - Exporting nfl_gm_quarter...
2025-09-13 16:31:00,793 - NFLDataExporter - INFO -   Exported 5 rows from nfl_gm_quarter
2025-09-13 16:31:00,793 - NFLDataExporter - INFO - 
============================================================
2025-09-13 16:31:00,793 - NFLDataExporter - INFO - Exporting reference tables
2025-09-13 16:31:00,793 - NFLDataExporter - INFO - ============================================================
2025-09-13 16:31:00,794 - NFLDataExporter - INFO - Exporting plyr...
2025-09-13 16:31:00,845 - NFLDataExporter - INFO -   Exported 2,142 rows from plyr
2025-09-13 16:31:00,846 - NFLDataExporter - INFO - Exporting multi_tm_plyr...
2025-09-13 16:31:00,855 - NFLDataExporter - INFO -   Exported 76 rows from multi_tm_plyr
2025-09-13 16:31:00,855 - NFLDataExporter - INFO - 
============================================================
2025-09-13 16:31:00,855 - NFLDataExporter - INFO - Exporting game_level tables
2025-09-13 16:31:00,855 - NFLDataExporter - INFO - ============================================================
2025-09-13 16:31:00,856 - NFLDataExporter - INFO - Exporting plyr_gm_pass...
2025-09-13 16:31:00,894 - NFLDataExporter - INFO -   Exported 672 rows from plyr_gm_pass
2025-09-13 16:31:00,896 - NFLDataExporter - INFO - Exporting plyr_gm_rush...
2025-09-13 16:31:00,936 - NFLDataExporter - INFO -   Exported 2,277 rows from plyr_gm_rush
2025-09-13 16:31:00,938 - NFLDataExporter - INFO - Exporting plyr_gm_rec...
2025-09-13 16:31:01,027 - NFLDataExporter - INFO -   Exported 4,382 rows from plyr_gm_rec
2025-09-13 16:31:01,029 - NFLDataExporter - INFO - Exporting plyr_gm_def...
2025-09-13 16:31:01,244 - NFLDataExporter - INFO -   Exported 10,415 rows from plyr_gm_def
2025-09-13 16:31:01,245 - NFLDataExporter - INFO - Exporting plyr_gm_fmbl...
2025-09-13 16:31:01,296 - NFLDataExporter - INFO -   Exported 5,392 rows from plyr_gm_fmbl
2025-09-13 16:31:01,297 - NFLDataExporter - INFO - Exporting plyr_gm_snap_ct...
2025-09-13 16:31:01,555 - NFLDataExporter - INFO -   Exported 25,318 rows from plyr_gm_snap_ct
2025-09-13 16:31:01,557 - NFLDataExporter - INFO - Exporting plyr_gm_starters...
2025-09-13 16:31:01,651 - NFLDataExporter - INFO -   Exported 11,968 rows from plyr_gm_starters
2025-09-13 16:31:01,652 - NFLDataExporter - INFO - Exporting tm_gm_stats...
2025-09-13 16:31:01,679 - NFLDataExporter - INFO -   Exported 544 rows from tm_gm_stats
2025-09-13 16:31:01,681 - NFLDataExporter - INFO - Exporting tm_gm_drive...
2025-09-13 16:31:01,764 - NFLDataExporter - INFO -   Exported 6,019 rows from tm_gm_drive
2025-09-13 16:31:01,766 - NFLDataExporter - INFO - Exporting tm_gm_exp_pts...
2025-09-13 16:31:01,786 - NFLDataExporter - INFO -   Exported 544 rows from tm_gm_exp_pts
2025-09-13 16:31:01,787 - NFLDataExporter - INFO - Exporting nfl_game...
2025-09-13 16:31:01,806 - NFLDataExporter - INFO -   Exported 272 rows from nfl_game
2025-09-13 16:31:01,807 - NFLDataExporter - INFO - Exporting nfl_game_info...
2025-09-13 16:31:01,825 - NFLDataExporter - INFO -   Exported 272 rows from nfl_game_info
2025-09-13 16:31:01,827 - NFLDataExporter - INFO - Exporting nfl_gm_weather...
2025-09-13 16:31:01,828 - NFLDataExporter - ERROR - Failed to export nfl_gm_weather: (pymysql.err.ProgrammingError) (1146, "Table 'nfl_stats.nfl_gm_weather' doesn't exist")
[SQL: SELECT t.* FROM nfl_gm_weather t WHERE 1=1]
(Background on this error at: https://sqlalche.me/e/20/f405)
2025-09-13 16:31:01,841 - NFLDataExporter - INFO - Exporting nfl_game_pbp (39,409 rows) in chunks of 50,000
2025-09-13 16:31:02,296 - NFLDataExporter - INFO -   Exported 39,409/39,409 rows (100.0%)
2025-09-13 16:31:02,300 - NFLDataExporter - INFO - Exporting injury_report...
2025-09-13 16:31:02,567 - NFLDataExporter - INFO -   Exported 36,424 rows from injury_report
2025-09-13 16:31:02,568 - NFLDataExporter - INFO - 
============================================================
2025-09-13 16:31:02,568 - NFLDataExporter - INFO - Exporting season_cumulative tables
2025-09-13 16:31:02,568 - NFLDataExporter - INFO - ============================================================
2025-09-13 16:31:02,570 - NFLDataExporter - INFO - Exporting plyr_pass...
2025-09-13 16:31:02,584 - NFLDataExporter - INFO -   Exported 115 rows from plyr_pass
2025-09-13 16:31:02,585 - NFLDataExporter - INFO - Exporting plyr_rush...
2025-09-13 16:31:02,598 - NFLDataExporter - INFO -   Exported 578 rows from plyr_rush
2025-09-13 16:31:02,599 - NFLDataExporter - INFO - Exporting plyr_rec...
2025-09-13 16:31:02,617 - NFLDataExporter - INFO -   Exported 578 rows from plyr_rec
2025-09-13 16:31:02,618 - NFLDataExporter - INFO - Exporting plyr_def...
2025-09-13 16:31:02,650 - NFLDataExporter - INFO -   Exported 1,061 rows from plyr_def
2025-09-13 16:31:02,652 - NFLDataExporter - INFO - Exporting plyr_rz_pass...
2025-09-13 16:31:02,658 - NFLDataExporter - INFO -   Exported 77 rows from plyr_rz_pass
2025-09-13 16:31:02,660 - NFLDataExporter - INFO - Exporting plyr_rz_rush...
2025-09-13 16:31:02,668 - NFLDataExporter - INFO -   Exported 231 rows from plyr_rz_rush
2025-09-13 16:31:02,669 - NFLDataExporter - INFO - Exporting plyr_rz_rec...
2025-09-13 16:31:02,678 - NFLDataExporter - INFO -   Exported 349 rows from plyr_rz_rec
2025-09-13 16:31:02,679 - NFLDataExporter - INFO - Exporting plyr_scoring...
2025-09-13 16:31:02,689 - NFLDataExporter - INFO -   Exported 454 rows from plyr_scoring
2025-09-13 16:31:02,690 - NFLDataExporter - INFO - Exporting tm_pass...
2025-09-13 16:31:02,700 - NFLDataExporter - INFO -   Exported 32 rows from tm_pass
2025-09-13 16:31:02,701 - NFLDataExporter - INFO - Exporting tm_rush...
2025-09-13 16:31:02,706 - NFLDataExporter - INFO -   Exported 32 rows from tm_rush
2025-09-13 16:31:02,707 - NFLDataExporter - INFO - Exporting tm_rec...
2025-09-13 16:31:02,713 - NFLDataExporter - INFO -   Exported 32 rows from tm_rec
2025-09-13 16:31:02,714 - NFLDataExporter - INFO - Exporting tm_def...
2025-09-13 16:31:02,720 - NFLDataExporter - INFO -   Exported 32 rows from tm_def
2025-09-13 16:31:02,722 - NFLDataExporter - INFO - Exporting tm_def_pass...
2025-09-13 16:31:02,728 - NFLDataExporter - INFO -   Exported 32 rows from tm_def_pass
2025-09-13 16:31:02,729 - NFLDataExporter - INFO - Exporting tm_def_rush...
2025-09-13 16:31:02,733 - NFLDataExporter - INFO -   Exported 32 rows from tm_def_rush
2025-09-13 16:31:02,734 - NFLDataExporter - INFO - Exporting tm_conv...
2025-09-13 16:31:02,739 - NFLDataExporter - INFO -   Exported 32 rows from tm_conv
2025-09-13 16:31:02,740 - NFLDataExporter - INFO - Exporting tm_def_conv...
2025-09-13 16:31:02,744 - NFLDataExporter - INFO -   Exported 32 rows from tm_def_conv
2025-09-13 16:31:02,745 - NFLDataExporter - INFO - Exporting tm_def_dr_against_avg...
2025-09-13 16:31:02,749 - NFLDataExporter - INFO -   Exported 32 rows from tm_def_dr_against_avg
2025-09-13 16:31:02,750 - NFLDataExporter - INFO - Exporting tm_def_vs_qb...
2025-09-13 16:31:02,754 - NFLDataExporter - INFO -   Exported 32 rows from tm_def_vs_qb
2025-09-13 16:31:02,755 - NFLDataExporter - INFO - Exporting tm_def_vs_rb...
2025-09-13 16:31:02,759 - NFLDataExporter - INFO -   Exported 32 rows from tm_def_vs_rb
2025-09-13 16:31:02,760 - NFLDataExporter - INFO - Exporting tm_def_vs_te...
2025-09-13 16:31:02,764 - NFLDataExporter - INFO -   Exported 32 rows from tm_def_vs_te
2025-09-13 16:31:02,765 - NFLDataExporter - INFO - Exporting tm_def_vs_wr...
2025-09-13 16:31:02,769 - NFLDataExporter - INFO -   Exported 32 rows from tm_def_vs_wr
2025-09-13 16:31:02,769 - NFLDataExporter - INFO - Exporting nfl_standings...
2025-09-13 16:31:02,774 - NFLDataExporter - INFO -   Exported 18 rows from nfl_standings
2025-09-13 16:31:02,774 - NFLDataExporter - INFO - 
============================================================
2025-09-13 16:31:02,774 - NFLDataExporter - INFO - EXPORT SUMMARY
2025-09-13 16:31:02,774 - NFLDataExporter - INFO - ============================================================
2025-09-13 16:31:02,774 - NFLDataExporter - INFO - Start Time: 2025-09-13 16:31:00.635424
2025-09-13 16:31:02,774 - NFLDataExporter - INFO - End Time: 2025-09-13 16:31:02.774807
2025-09-13 16:31:02,775 - NFLDataExporter - INFO - Duration: 0:00:02.139383
2025-09-13 16:31:02,775 - NFLDataExporter - INFO - Total Rows Exported: 150,116
2025-09-13 16:31:02,775 - NFLDataExporter - INFO - Successful Tables: 42
2025-09-13 16:31:02,775 - NFLDataExporter - INFO - Failed Tables: 1
2025-09-13 16:31:02,775 - NFLDataExporter - ERROR - 
Failed Tables:
2025-09-13 16:31:02,775 - NFLDataExporter - ERROR -   - nfl_gm_weather
2025-09-13 16:31:02,775 - NFLDataExporter - INFO - 
Output Directory: C:\Users\nocap\Desktop\code\NFL_ml\parquet_files\raw
